[2026-02-11 14:56:50,328] 19 root INFO - Starting data ingestion
[2026-02-11 14:56:50,895] 96 pymongo.serverSelection INFO - {"message": "Waiting for suitable server to become available", "selector": "Primary()", "operation": "find", "topologyDescription": "<TopologyDescription id: 698ced12d645e9d993f4be44, topology_type: ReplicaSetNoPrimary, servers: [<ServerDescription ('ac-8j4ci3m-shard-00-00.lvp2ctv.mongodb.net', 27017) server_type: Unknown, rtt: None>, <ServerDescription ('ac-8j4ci3m-shard-00-01.lvp2ctv.mongodb.net', 27017) server_type: Unknown, rtt: None>, <ServerDescription ('ac-8j4ci3m-shard-00-02.lvp2ctv.mongodb.net', 27017) server_type: Unknown, rtt: None>]>", "clientId": {"$oid": "698ced12d645e9d993f4be44"}, "remainingTimeMS": 29}
[2026-02-11 14:56:56,673] 65 root INFO - Performed train test split on the dataframe
[2026-02-11 14:56:56,673] 67 root INFO - Exited split_data_as_train_test method of Data_Ingestion class
[2026-02-11 14:56:56,674] 75 root INFO - Exporting train and test file path.
[2026-02-11 14:56:56,719] 84 root INFO - Exported train and test file path.
[2026-02-11 14:56:56,725] 24 root INFO - Initiate the data Validation
[2026-02-11 14:56:56,793] 32 root INFO - Required number of columns:2
[2026-02-11 14:56:56,793] 33 root INFO - Data frame has columns:31
[2026-02-11 14:56:56,793] 32 root INFO - Required number of columns:2
[2026-02-11 14:56:56,793] 33 root INFO - Data frame has columns:31
[2026-02-11 14:56:56,908] 26 root INFO - data Validation Completed
[2026-02-11 14:56:56,909] 29 root INFO - data Transformation started
[2026-02-11 14:56:56,909] 63 root INFO - Entered initiate_data_transformation method of DataTransformation class
[2026-02-11 14:56:56,909] 65 root INFO - Starting data transformation
[2026-02-11 14:56:56,936] 48 root INFO - Entered get_data_trnasformer_object method of Trnasformation class
[2026-02-11 14:56:56,937] 53 root INFO - Initialise KNNImputer with {'missing_values': nan, 'n_neighbors': 3, 'weights': 'uniform'}
[2026-02-11 14:56:56,990] 46 root INFO - Entered the save_object method of MainUtils class
[2026-02-11 14:56:56,992] 50 root INFO - Exited the save_object method of MainUtils class
[2026-02-11 14:56:56,993] 46 root INFO - Entered the save_object method of MainUtils class
[2026-02-11 14:56:56,994] 50 root INFO - Exited the save_object method of MainUtils class
[2026-02-11 14:56:56,995] 33 root INFO - data Transformation completed
[2026-02-11 14:56:56,995] 34 root INFO - Model Training sstared
[2026-02-11 14:59:49,648] 46 root INFO - Entered the save_object method of MainUtils class
[2026-02-11 14:59:49,649] 50 root INFO - Exited the save_object method of MainUtils class
[2026-02-11 14:59:49,649] 46 root INFO - Entered the save_object method of MainUtils class
[2026-02-11 14:59:49,675] 50 root INFO - Exited the save_object method of MainUtils class
[2026-02-11 14:59:49,675] 151 root INFO - Model trainer artifact: ModelTrainerArtifact(trained_model_file_path='Artifacts\\02_11_2026_14_56_48\\model_trainer\\trained_model\\model.pkl', train_metric_artifact=ClassificationMetricArtifact(f1_score=0.9907978562038628, precision_score=0.9886982845610495, recall_score=0.9929063640048642), test_metric_artifact=ClassificationMetricArtifact(f1_score=0.976725193956717, precision_score=0.9755301794453507, recall_score=0.9779231398201145))
[2026-02-11 14:59:49,678] 39 root INFO - Model Training artifact created
